Performance Statistics   2020-05-01 18:48:00 - 2020-05-01 18:49:00
Tag                                                  Avg(ms)         Min         Max     Std Dev       Count
LoadClass                                                1.4           0          10         2.3          15
Messages.searchClasspath                                 0.2           0          15         1.4         189
Messages.searchFiles                                     0.1           0          19         1.4         189
Metadata.replaceExtendedMetaClasses                      3.0           3           3         0.0           2
WebJARs                                                 57.0          57          57         0.0           1

Performance Statistics   2020-05-01 18:49:00 - 2020-05-01 18:50:00
Tag                                                  Avg(ms)         Min         Max     Std Dev       Count
LoadClass                                                0.7           0           1         0.5          14
Messages.searchClasspath                                 0.4           0          16         1.9         108
Messages.searchFiles                                     0.2           0          20         1.9         108
Metadata.replaceExtendedMetaClasses                      3.0           3           3         0.0           2
WebJARs                                                 22.0          22          22         0.0           1

Performance Statistics   2020-05-01 18:50:00 - 2020-05-01 18:51:00
Tag                                                  Avg(ms)         Min         Max     Std Dev       Count
LoadClass                                                1.0           0           3         1.1           5
Messages.searchClasspath                                 0.0           0           4         0.3         490
Messages.searchFiles                                     0.0           0           3         0.2         490
ViewRepository.init.ViewRepositoryClientImpl            29.0          29          29         0.0           1
ViewRepository.init.ViewRepositoryImpl                  48.0          48          48         0.0           1

Performance Statistics   2020-05-01 18:51:00 - 2020-05-01 18:52:00
Tag                                                  Avg(ms)         Min         Max     Std Dev       Count
LoadClass                                                0.8           0           1         0.4          14
Messages.searchClasspath                                 0.3           0          17         1.8         135
Messages.searchFiles                                     0.2           0          24         2.1         135
Metadata.replaceExtendedMetaClasses                      2.5           2           3         0.5           2
WebJARs                                                 20.0          20          20         0.0           1

Performance Statistics   2020-05-01 18:52:00 - 2020-05-01 18:53:00
Tag                                                  Avg(ms)         Min         Max     Std Dev       Count
LoadClass                                                0.6           0           1         0.5          14
Messages.searchClasspath                                 0.6           0          16         2.5          60
Messages.searchFiles                                     0.4           0          22         2.8          60
Metadata.replaceExtendedMetaClasses                      2.0           2           2         0.0           1
WebJARs                                                 21.0          21          21         0.0           1

Performance Statistics   2020-05-01 19:03:00 - 2020-05-01 19:04:00
Tag                                                  Avg(ms)         Min         Max     Std Dev       Count
LoadClass                                                0.5           0           2         0.6          14
Messages.searchClasspath                                 0.6           0          16         2.5          60
Messages.searchFiles                                     0.4           0          22         2.8          60
Metadata.replaceExtendedMetaClasses                      3.0           3           3         0.0           1
WebJARs                                                 22.0          22          22         0.0           1

Performance Statistics   2020-05-01 19:04:00 - 2020-05-01 19:05:00
Tag                                                  Avg(ms)         Min         Max     Std Dev       Count
LoadClass                                                0.5           0           1         0.5           2
Messages.searchClasspath                                 0.1           0           7         0.6         129
Messages.searchFiles                                     0.0           0           1         0.1         129
Metadata.replaceExtendedMetaClasses                      3.0           3           3         0.0           1

Performance Statistics   2020-05-01 19:05:00 - 2020-05-01 19:06:00
Tag                                                  Avg(ms)         Min         Max     Std Dev       Count

Performance Statistics   2020-05-01 19:06:00 - 2020-05-01 19:07:00
Tag                                                  Avg(ms)         Min         Max     Std Dev       Count
LoadClass                                                1.0           0           2         0.8           3
Messages.searchClasspath                                 0.0           0           1         0.1         389
Messages.searchFiles                                     0.0           0           0         0.0         389
ViewRepository.init.ViewRepositoryClientImpl            51.0          51          51         0.0           1
ViewRepository.init.ViewRepositoryImpl                  65.0          65          65         0.0           1

Performance Statistics   2020-05-01 19:07:00 - 2020-05-01 19:08:00
Tag                                                  Avg(ms)         Min         Max     Std Dev       Count

Performance Statistics   2020-05-01 19:08:00 - 2020-05-01 19:09:00
Tag                                                  Avg(ms)         Min         Max     Std Dev       Count

Performance Statistics   2020-05-01 19:09:00 - 2020-05-01 19:10:00
Tag                                                  Avg(ms)         Min         Max     Std Dev       Count

Performance Statistics   2020-05-01 19:10:00 - 2020-05-01 19:11:00
Tag                                                  Avg(ms)         Min         Max     Std Dev       Count

Performance Statistics   2020-05-01 19:11:00 - 2020-05-01 19:12:00
Tag                                                  Avg(ms)         Min         Max     Std Dev       Count

Performance Statistics   2020-05-01 19:12:00 - 2020-05-01 19:13:00
Tag                                                  Avg(ms)         Min         Max     Std Dev       Count

Performance Statistics   2020-05-01 19:13:00 - 2020-05-01 19:14:00
Tag                                                  Avg(ms)         Min         Max     Std Dev       Count

Performance Statistics   2020-05-01 19:14:00 - 2020-05-01 19:15:00
Tag                                                  Avg(ms)         Min         Max     Std Dev       Count

Performance Statistics   2020-05-01 19:15:00 - 2020-05-01 19:16:00
Tag                                                  Avg(ms)         Min         Max     Std Dev       Count

Performance Statistics   2020-05-01 19:17:00 - 2020-05-01 19:18:00
Tag                                                  Avg(ms)         Min         Max     Std Dev       Count
LoadClass                                                1.1           0           6         1.4          16
Messages.searchClasspath                                 0.3           0          15         1.4         192
Messages.searchFiles                                     0.1           0          24         1.7         192
Metadata.replaceExtendedMetaClasses                      3.0           3           3         0.0           2
WebJARs                                                 54.0          54          54         0.0           1

Performance Statistics   2020-05-01 19:18:00 - 2020-05-01 19:19:00
Tag                                                  Avg(ms)         Min         Max     Std Dev       Count
LoadClass                                                1.0           0           2         0.8           3
Messages.searchClasspath                                 0.0           0           4         0.3         389
Messages.searchFiles                                     0.0           0           0         0.0         389
ViewRepository.init.ViewRepositoryClientImpl            31.0          31          31         0.0           1
ViewRepository.init.ViewRepositoryImpl                  33.0          33          33         0.0           1

Performance Statistics   2020-05-01 19:19:00 - 2020-05-01 19:20:00
Tag                                                  Avg(ms)         Min         Max     Std Dev       Count

Performance Statistics   2020-05-01 19:20:00 - 2020-05-01 19:21:00
Tag                                                  Avg(ms)         Min         Max     Std Dev       Count

Performance Statistics   2020-05-01 19:21:00 - 2020-05-01 19:22:00
Tag                                                  Avg(ms)         Min         Max     Std Dev       Count

Performance Statistics   2020-05-01 19:22:00 - 2020-05-01 19:23:00
Tag                                                  Avg(ms)         Min         Max     Std Dev       Count

Performance Statistics   2020-05-01 19:23:00 - 2020-05-01 19:24:00
Tag                                                  Avg(ms)         Min         Max     Std Dev       Count

Performance Statistics   2020-05-01 19:24:00 - 2020-05-01 19:25:00
Tag                                                  Avg(ms)         Min         Max     Std Dev       Count

Performance Statistics   2020-05-01 19:25:00 - 2020-05-01 19:26:00
Tag                                                  Avg(ms)         Min         Max     Std Dev       Count

Performance Statistics   2020-05-01 19:26:00 - 2020-05-01 19:27:00
Tag                                                  Avg(ms)         Min         Max     Std Dev       Count

Performance Statistics   2020-05-01 19:27:00 - 2020-05-01 19:28:00
Tag                                                  Avg(ms)         Min         Max     Std Dev       Count

Performance Statistics   2020-05-01 19:28:00 - 2020-05-01 19:29:00
Tag                                                  Avg(ms)         Min         Max     Std Dev       Count

Performance Statistics   2020-05-01 19:29:00 - 2020-05-01 19:30:00
Tag                                                  Avg(ms)         Min         Max     Std Dev       Count

Performance Statistics   2020-05-01 19:30:00 - 2020-05-01 19:31:00
Tag                                                  Avg(ms)         Min         Max     Std Dev       Count
LoadClass                                                0.6           0           2         0.9           7
Messages.searchClasspath                                 0.0           0           0         0.0          37
Messages.searchFiles                                     0.0           0           0         0.0          37

Performance Statistics   2020-05-01 19:31:00 - 2020-05-01 19:32:00
Tag                                                  Avg(ms)         Min         Max     Std Dev       Count
LoadClass                                                0.0           0           0         0.0           2
Messages.searchClasspath                                 0.0           0           0         0.0          10
Messages.searchFiles                                     0.0           0           0         0.0          10

Performance Statistics   2020-05-01 19:32:00 - 2020-05-01 19:33:00
Tag                                                  Avg(ms)         Min         Max     Std Dev       Count

Performance Statistics   2020-05-01 19:33:00 - 2020-05-01 19:34:00
Tag                                                  Avg(ms)         Min         Max     Std Dev       Count
LoadClass                                                0.0           0           0         0.0           2
Messages.searchClasspath                                 0.0           0           0         0.0           5
Messages.searchFiles                                     0.0           0           0         0.0           5

Performance Statistics   2020-05-01 19:34:00 - 2020-05-01 19:35:00
Tag                                                  Avg(ms)         Min         Max     Std Dev       Count
LoadClass                                                0.0           0           0         0.0           2

Performance Statistics   2020-05-01 19:35:00 - 2020-05-01 19:36:00
Tag                                                  Avg(ms)         Min         Max     Std Dev       Count

Performance Statistics   2020-05-01 19:36:00 - 2020-05-01 19:37:00
Tag                                                  Avg(ms)         Min         Max     Std Dev       Count
Messages.searchClasspath                                 0.0           0           0         0.0          20
Messages.searchFiles                                     0.0           0           0         0.0          20

Performance Statistics   2020-05-01 19:37:00 - 2020-05-01 19:38:00
Tag                                                  Avg(ms)         Min         Max     Std Dev       Count

Performance Statistics   2020-05-01 19:38:00 - 2020-05-01 19:39:00
Tag                                                  Avg(ms)         Min         Max     Std Dev       Count

Performance Statistics   2020-05-01 19:39:00 - 2020-05-01 19:40:00
Tag                                                  Avg(ms)         Min         Max     Std Dev       Count

Performance Statistics   2020-05-01 19:40:00 - 2020-05-01 19:41:00
Tag                                                  Avg(ms)         Min         Max     Std Dev       Count

Performance Statistics   2020-05-01 19:41:00 - 2020-05-01 19:42:00
Tag                                                  Avg(ms)         Min         Max     Std Dev       Count

Performance Statistics   2020-05-01 19:42:00 - 2020-05-01 19:43:00
Tag                                                  Avg(ms)         Min         Max     Std Dev       Count

Performance Statistics   2020-05-01 19:43:00 - 2020-05-01 19:44:00
Tag                                                  Avg(ms)         Min         Max     Std Dev       Count

Performance Statistics   2020-05-01 19:44:00 - 2020-05-01 19:45:00
Tag                                                  Avg(ms)         Min         Max     Std Dev       Count

Performance Statistics   2020-05-01 19:45:00 - 2020-05-01 19:46:00
Tag                                                  Avg(ms)         Min         Max     Std Dev       Count

Performance Statistics   2020-05-01 19:46:00 - 2020-05-01 19:47:00
Tag                                                  Avg(ms)         Min         Max     Std Dev       Count

Performance Statistics   2020-05-01 19:47:00 - 2020-05-01 19:48:00
Tag                                                  Avg(ms)         Min         Max     Std Dev       Count

Performance Statistics   2020-05-01 19:48:00 - 2020-05-01 19:49:00
Tag                                                  Avg(ms)         Min         Max     Std Dev       Count

Performance Statistics   2020-05-01 19:49:00 - 2020-05-01 19:50:00
Tag                                                  Avg(ms)         Min         Max     Std Dev       Count

Performance Statistics   2020-05-01 19:50:00 - 2020-05-01 19:51:00
Tag                                                  Avg(ms)         Min         Max     Std Dev       Count

Performance Statistics   2020-05-01 19:51:00 - 2020-05-01 19:52:00
Tag                                                  Avg(ms)         Min         Max     Std Dev       Count

Performance Statistics   2020-05-01 19:52:00 - 2020-05-01 19:53:00
Tag                                                  Avg(ms)         Min         Max     Std Dev       Count

Performance Statistics   2020-05-01 19:54:00 - 2020-05-01 19:55:00
Tag                                                  Avg(ms)         Min         Max     Std Dev       Count
LoadClass                                                0.7           0           2         0.7          19
Messages.searchClasspath                                 0.1           0          15         1.0         568
Messages.searchFiles                                     0.0           0          22         0.9         568
Metadata.replaceExtendedMetaClasses                      2.5           2           3         0.5           2
ViewRepository.init.ViewRepositoryClientImpl            31.0          31          31         0.0           1
ViewRepository.init.ViewRepositoryImpl                  41.0          41          41         0.0           1
WebJARs                                                 22.0          22          22         0.0           1

Performance Statistics   2020-05-01 19:55:00 - 2020-05-01 19:56:00
Tag                                                  Avg(ms)         Min         Max     Std Dev       Count

Performance Statistics   2020-05-01 19:56:00 - 2020-05-01 19:57:00
Tag                                                  Avg(ms)         Min         Max     Std Dev       Count

Performance Statistics   2020-05-01 19:57:00 - 2020-05-01 19:58:00
Tag                                                  Avg(ms)         Min         Max     Std Dev       Count

Performance Statistics   2020-05-01 19:58:00 - 2020-05-01 19:59:00
Tag                                                  Avg(ms)         Min         Max     Std Dev       Count

Performance Statistics   2020-05-01 19:59:00 - 2020-05-01 20:00:00
Tag                                                  Avg(ms)         Min         Max     Std Dev       Count

Performance Statistics   2020-05-01 20:00:00 - 2020-05-01 20:01:00
Tag                                                  Avg(ms)         Min         Max     Std Dev       Count

Performance Statistics   2020-05-01 20:01:00 - 2020-05-01 20:02:00
Tag                                                  Avg(ms)         Min         Max     Std Dev       Count

Performance Statistics   2020-05-01 20:05:00 - 2020-05-01 20:06:00
Tag                                                  Avg(ms)         Min         Max     Std Dev       Count
LoadClass                                                0.5           0           1         0.5          14
Messages.searchClasspath                                 0.6           0          17         2.6          60
Messages.searchFiles                                     0.4           0          22         2.8          60
Metadata.replaceExtendedMetaClasses                      3.0           3           3         0.0           1
WebJARs                                                 22.0          22          22         0.0           1

Performance Statistics   2020-05-01 20:08:00 - 2020-05-01 20:09:00
Tag                                                  Avg(ms)         Min         Max     Std Dev       Count
LoadClass                                                0.8           0           2         0.6          19
Messages.searchClasspath                                 0.1           0          20         1.0         550
Messages.searchFiles                                     0.1           0          21         0.9         550
Metadata.replaceExtendedMetaClasses                      3.5           3           4         0.5           2
ViewRepository.init.ViewRepositoryClientImpl            28.0          28          28         0.0           1
ViewRepository.init.ViewRepositoryImpl                  40.0          40          40         0.0           1
WebJARs                                                 22.0          22          22         0.0           1

Performance Statistics   2020-05-01 20:09:00 - 2020-05-01 20:10:00
Tag                                                  Avg(ms)         Min         Max     Std Dev       Count
Messages.searchClasspath                                 0.3           0           5         1.1          28
Messages.searchFiles                                     0.0           0           0         0.0          28

Performance Statistics   2020-05-01 20:10:00 - 2020-05-01 20:11:00
Tag                                                  Avg(ms)         Min         Max     Std Dev       Count

Performance Statistics   2020-05-01 20:11:00 - 2020-05-01 20:12:00
Tag                                                  Avg(ms)         Min         Max     Std Dev       Count

Performance Statistics   2020-05-01 20:12:00 - 2020-05-01 20:13:00
Tag                                                  Avg(ms)         Min         Max     Std Dev       Count

Performance Statistics   2020-05-01 20:13:00 - 2020-05-01 20:14:00
Tag                                                  Avg(ms)         Min         Max     Std Dev       Count

Performance Statistics   2020-05-01 20:14:00 - 2020-05-01 20:15:00
Tag                                                  Avg(ms)         Min         Max     Std Dev       Count

Performance Statistics   2020-05-01 20:15:00 - 2020-05-01 20:16:00
Tag                                                  Avg(ms)         Min         Max     Std Dev       Count

Performance Statistics   2020-05-01 20:16:00 - 2020-05-01 20:17:00
Tag                                                  Avg(ms)         Min         Max     Std Dev       Count

Performance Statistics   2020-05-01 20:17:00 - 2020-05-01 20:18:00
Tag                                                  Avg(ms)         Min         Max     Std Dev       Count

Performance Statistics   2020-05-01 20:18:00 - 2020-05-01 20:19:00
Tag                                                  Avg(ms)         Min         Max     Std Dev       Count

Performance Statistics   2020-05-01 20:19:00 - 2020-05-01 20:20:00
Tag                                                  Avg(ms)         Min         Max     Std Dev       Count

Performance Statistics   2020-05-01 20:20:00 - 2020-05-01 20:21:00
Tag                                                  Avg(ms)         Min         Max     Std Dev       Count

Performance Statistics   2020-05-01 20:21:00 - 2020-05-01 20:22:00
Tag                                                  Avg(ms)         Min         Max     Std Dev       Count

Performance Statistics   2020-05-01 20:26:00 - 2020-05-01 20:27:00
Tag                                                  Avg(ms)         Min         Max     Std Dev       Count
LoadClass                                                0.6           0           1         0.5          14
Messages.searchClasspath                                 0.3           0          17         1.8         132
Messages.searchFiles                                     0.2           0          21         1.8         132
Metadata.replaceExtendedMetaClasses                      3.0           3           3         0.0           2
WebJARs                                                 22.0          22          22         0.0           1

Performance Statistics   2020-05-01 20:27:00 - 2020-05-01 20:28:00
Tag                                                  Avg(ms)         Min         Max     Std Dev       Count

Performance Statistics   2020-05-01 20:28:00 - 2020-05-01 20:29:00
Tag                                                  Avg(ms)         Min         Max     Std Dev       Count

Performance Statistics   2020-05-01 20:30:00 - 2020-05-01 20:31:00
Tag                                                  Avg(ms)         Min         Max     Std Dev       Count
LoadClass                                                0.4           0           1         0.5          14
Messages.searchClasspath                                 0.4           0          16         1.9         108
Messages.searchFiles                                     0.2           0          22         2.1         108
Metadata.replaceExtendedMetaClasses                      3.0           3           3         0.0           2
WebJARs                                                 20.0          20          20         0.0           1

Performance Statistics   2020-05-01 20:31:00 - 2020-05-01 20:32:00
Tag                                                  Avg(ms)         Min         Max     Std Dev       Count

Performance Statistics   2020-05-01 20:32:00 - 2020-05-01 20:33:00
Tag                                                  Avg(ms)         Min         Max     Std Dev       Count
Messages.searchClasspath                                 0.0           0           0         0.0          24
Messages.searchFiles                                     0.0           0           0         0.0          24

Performance Statistics   2020-05-01 20:33:00 - 2020-05-01 20:34:00
Tag                                                  Avg(ms)         Min         Max     Std Dev       Count
LoadClass                                                1.2           0           3         1.2           5
Messages.searchClasspath                                 0.1           0          11         0.7         442
Messages.searchFiles                                     0.0           0           1         0.1         442
ViewRepository.init.ViewRepositoryClientImpl            28.0          28          28         0.0           1
ViewRepository.init.ViewRepositoryImpl                  37.0          37          37         0.0           1

Performance Statistics   2020-05-01 20:34:00 - 2020-05-01 20:35:00
Tag                                                  Avg(ms)         Min         Max     Std Dev       Count
LoadClass                                                0.9           0           2         0.5          14
Messages.searchClasspath                                 0.6           0          14         2.2          60
Messages.searchFiles                                     0.4           0          22         2.8          60
Metadata.replaceExtendedMetaClasses                      3.0           3           3         0.0           1
WebJARs                                                 45.0          45          45         0.0           1

Performance Statistics   2020-05-01 20:35:00 - 2020-05-01 20:36:00
Tag                                                  Avg(ms)         Min         Max     Std Dev       Count
Messages.searchClasspath                                 0.2           0           6         0.9          72
Messages.searchFiles                                     0.0           0           1         0.2          72
Metadata.replaceExtendedMetaClasses                      3.0           3           3         0.0           1

Performance Statistics   2020-05-01 20:36:00 - 2020-05-01 20:37:00
Tag                                                  Avg(ms)         Min         Max     Std Dev       Count

Performance Statistics   2020-05-01 20:37:00 - 2020-05-01 20:38:00
Tag                                                  Avg(ms)         Min         Max     Std Dev       Count

Performance Statistics   2020-05-01 20:38:00 - 2020-05-01 20:39:00
Tag                                                  Avg(ms)         Min         Max     Std Dev       Count

Performance Statistics   2020-05-01 20:39:00 - 2020-05-01 20:40:00
Tag                                                  Avg(ms)         Min         Max     Std Dev       Count

Performance Statistics   2020-05-01 20:40:00 - 2020-05-01 20:41:00
Tag                                                  Avg(ms)         Min         Max     Std Dev       Count

Performance Statistics   2020-05-01 20:41:00 - 2020-05-01 20:42:00
Tag                                                  Avg(ms)         Min         Max     Std Dev       Count

Performance Statistics   2020-05-01 20:42:00 - 2020-05-01 20:43:00
Tag                                                  Avg(ms)         Min         Max     Std Dev       Count

Performance Statistics   2020-05-01 20:43:00 - 2020-05-01 20:44:00
Tag                                                  Avg(ms)         Min         Max     Std Dev       Count

Performance Statistics   2020-05-01 20:44:00 - 2020-05-01 20:45:00
Tag                                                  Avg(ms)         Min         Max     Std Dev       Count

Performance Statistics   2020-05-01 20:46:00 - 2020-05-01 20:47:00
Tag                                                  Avg(ms)         Min         Max     Std Dev       Count
LoadClass                                                1.2           0           4         1.0          18
Messages.searchClasspath                                 0.1           0          18         1.0         538
Messages.searchFiles                                     0.0           0          23         1.0         538
Metadata.replaceExtendedMetaClasses                      3.5           3           4         0.5           2
ViewRepository.init.ViewRepositoryClientImpl            30.0          30          30         0.0           1
ViewRepository.init.ViewRepositoryImpl                  32.0          32          32         0.0           1
WebJARs                                                 34.0          34          34         0.0           1

Performance Statistics   2020-05-01 20:47:00 - 2020-05-01 20:48:00
Tag                                                  Avg(ms)         Min         Max     Std Dev       Count
LoadClass                                                0.4           0           1         0.5          14
Messages.searchClasspath                                 0.6           0          16         2.4          60
Messages.searchFiles                                     0.4           0          21         2.7          60
Metadata.replaceExtendedMetaClasses                      3.0           3           3         0.0           1
WebJARs                                                 23.0          23          23         0.0           1

Performance Statistics   2020-05-01 20:48:00 - 2020-05-01 20:49:00
Tag                                                  Avg(ms)         Min         Max     Std Dev       Count
LoadClass                                                0.8           0           2         0.7           5
Messages.searchClasspath                                 0.1           0          15         0.8         521
Messages.searchFiles                                     0.0           0           5         0.4         521
Metadata.replaceExtendedMetaClasses                     11.0          11          11         0.0           1
ViewRepository.init.ViewRepositoryClientImpl            39.0          39          39         0.0           1
ViewRepository.init.ViewRepositoryImpl                 188.0         188         188         0.0           1

Performance Statistics   2020-05-01 20:50:00 - 2020-05-01 20:51:00
Tag                                                  Avg(ms)         Min         Max     Std Dev       Count
LoadClass                                                1.1           0           5         1.2          14
Messages.searchClasspath                                 0.6           0          15         2.3          60
Messages.searchFiles                                     0.3           0          19         2.4          60
Metadata.replaceExtendedMetaClasses                      2.0           2           2         0.0           1
WebJARs                                                 21.0          21          21         0.0           1

Performance Statistics   2020-05-01 20:51:00 - 2020-05-01 20:52:00
Tag                                                  Avg(ms)         Min         Max     Std Dev       Count
LoadClass                                                0.5           0           1         0.5           2
Messages.searchClasspath                                 0.1           0           3         0.3         139
Messages.searchFiles                                     0.1           0           6         0.7         139
Metadata.replaceExtendedMetaClasses                      9.0           9           9         0.0           1

Performance Statistics   2020-05-01 20:53:00 - 2020-05-01 20:54:00
Tag                                                  Avg(ms)         Min         Max     Std Dev       Count
LoadClass                                                0.9           0           2         0.7          20
Messages.searchClasspath                                 0.1           0          17         0.9         616
Messages.searchFiles                                     0.1           0          24         1.0         616
Metadata.replaceExtendedMetaClasses                      3.0           3           3         0.0           2
ViewRepository.init.ViewRepositoryClientImpl            38.0          38          38         0.0           1
ViewRepository.init.ViewRepositoryImpl                  51.0          51          51         0.0           1
WebJARs                                                 25.0          25          25         0.0           1

Performance Statistics   2020-05-01 20:54:00 - 2020-05-01 20:55:00
Tag                                                  Avg(ms)         Min         Max     Std Dev       Count
Messages.searchClasspath                                 1.3           0          17         3.7          24
Messages.searchFiles                                     0.0           0           1         0.2          24

Performance Statistics   2020-05-01 20:55:00 - 2020-05-01 20:56:00
Tag                                                  Avg(ms)         Min         Max     Std Dev       Count

Performance Statistics   2020-05-01 20:56:00 - 2020-05-01 20:57:00
Tag                                                  Avg(ms)         Min         Max     Std Dev       Count

Performance Statistics   2020-05-01 20:57:00 - 2020-05-01 20:58:00
Tag                                                  Avg(ms)         Min         Max     Std Dev       Count
LoadClass                                                0.9           0           2         0.6          19
Messages.searchClasspath                                 0.1           0          20         1.2         568
Messages.searchFiles                                     0.1           0          25         1.1         568
Metadata.replaceExtendedMetaClasses                      3.0           3           3         0.0           2
ViewRepository.init.ViewRepositoryClientImpl            67.0          67          67         0.0           1
ViewRepository.init.ViewRepositoryImpl                  76.0          76          76         0.0           1
WebJARs                                                 26.0          26          26         0.0           1

Performance Statistics   2020-05-01 20:58:00 - 2020-05-01 20:59:00
Tag                                                  Avg(ms)         Min         Max     Std Dev       Count
LoadClass                                                1.0           0           2         1.0           2
Messages.searchClasspath                                 0.1           0           3         0.5          42
Messages.searchFiles                                     0.0           0           0         0.0          42

Performance Statistics   2020-05-01 20:59:00 - 2020-05-01 21:00:00
Tag                                                  Avg(ms)         Min         Max     Std Dev       Count
LoadClass                                                0.0           0           0         0.0           2

Performance Statistics   2020-05-01 21:00:00 - 2020-05-01 21:01:00
Tag                                                  Avg(ms)         Min         Max     Std Dev       Count

Performance Statistics   2020-05-01 21:01:00 - 2020-05-01 21:02:00
Tag                                                  Avg(ms)         Min         Max     Std Dev       Count
LoadClass                                                0.0           0           0         0.0           2

Performance Statistics   2020-05-01 21:02:00 - 2020-05-01 21:03:00
Tag                                                  Avg(ms)         Min         Max     Std Dev       Count
LoadClass                                                0.0           0           0         0.0           2

Performance Statistics   2020-05-01 21:03:00 - 2020-05-01 21:04:00
Tag                                                  Avg(ms)         Min         Max     Std Dev       Count
Messages.searchClasspath                                 2.2           0          42         8.4          24
Messages.searchFiles                                     0.0           0           0         0.0          24

Performance Statistics   2020-05-01 21:04:00 - 2020-05-01 21:05:00
Tag                                                  Avg(ms)         Min         Max     Std Dev       Count

Performance Statistics   2020-05-01 21:06:00 - 2020-05-01 21:07:00
Tag                                                  Avg(ms)         Min         Max     Std Dev       Count
LoadClass                                                0.6           0           1         0.5          14
Messages.searchClasspath                                 0.5           0          14         1.8         108
Messages.searchFiles                                     0.2           0          18         1.7         108
Metadata.replaceExtendedMetaClasses                      3.5           3           4         0.5           2
WebJARs                                                 25.0          25          25         0.0           1

Performance Statistics   2020-05-01 21:07:00 - 2020-05-01 21:08:00
Tag                                                  Avg(ms)         Min         Max     Std Dev       Count
Messages.searchClasspath                                 0.0           0           0         0.0          24
Messages.searchFiles                                     0.0           0           0         0.0          24

Performance Statistics   2020-05-01 21:08:00 - 2020-05-01 21:09:00
Tag                                                  Avg(ms)         Min         Max     Std Dev       Count

Performance Statistics   2020-05-01 21:09:00 - 2020-05-01 21:10:00
Tag                                                  Avg(ms)         Min         Max     Std Dev       Count

Performance Statistics   2020-05-01 21:11:00 - 2020-05-01 21:12:00
Tag                                                  Avg(ms)         Min         Max     Std Dev       Count
LoadClass                                                0.7           0           1         0.4          16
Messages.searchClasspath                                 0.4           0          16         1.7         195
Messages.searchFiles                                     0.1           0          21         1.5         195
Metadata.replaceExtendedMetaClasses                      4.0           4           4         0.0           2
WebJARs                                                 28.0          28          28         0.0           1

Performance Statistics   2020-05-01 21:12:00 - 2020-05-01 21:13:00
Tag                                                  Avg(ms)         Min         Max     Std Dev       Count
LoadClass                                                1.0           0           2         0.8           3
Messages.searchClasspath                                 0.1           0          12         0.9         413
Messages.searchFiles                                     0.0           0           9         0.4         413
ViewRepository.init.ViewRepositoryClientImpl            48.0          48          48         0.0           1
ViewRepository.init.ViewRepositoryImpl                  71.0          71          71         0.0           1

Performance Statistics   2020-05-01 21:13:00 - 2020-05-01 21:14:00
Tag                                                  Avg(ms)         Min         Max     Std Dev       Count

Performance Statistics   2020-05-01 21:14:00 - 2020-05-01 21:15:00
Tag                                                  Avg(ms)         Min         Max     Std Dev       Count

Performance Statistics   2020-05-01 21:15:00 - 2020-05-01 21:16:00
Tag                                                  Avg(ms)         Min         Max     Std Dev       Count

Performance Statistics   2020-05-01 21:16:00 - 2020-05-01 21:17:00
Tag                                                  Avg(ms)         Min         Max     Std Dev       Count

Performance Statistics   2020-05-01 21:17:00 - 2020-05-01 21:18:00
Tag                                                  Avg(ms)         Min         Max     Std Dev       Count

Performance Statistics   2020-05-01 21:19:00 - 2020-05-01 21:20:00
Tag                                                  Avg(ms)         Min         Max     Std Dev       Count
LoadClass                                                1.2           0           5         1.3          19
Messages.searchClasspath                                 0.1           0          18         1.1         593
Messages.searchFiles                                     0.1           0          30         1.2         593
Metadata.replaceExtendedMetaClasses                      3.0           3           3         0.0           2
ViewRepository.init.ViewRepositoryClientImpl            37.0          37          37         0.0           1
ViewRepository.init.ViewRepositoryImpl                  52.0          52          52         0.0           1
WebJARs                                                 24.0          24          24         0.0           1

Performance Statistics   2020-05-01 21:20:00 - 2020-05-01 21:21:00
Tag                                                  Avg(ms)         Min         Max     Std Dev       Count
Messages.searchClasspath                                 0.9           0          13         2.7          24
Messages.searchFiles                                     0.0           0           1         0.2          24

Performance Statistics   2020-05-01 21:21:00 - 2020-05-01 21:22:00
Tag                                                  Avg(ms)         Min         Max     Std Dev       Count

Performance Statistics   2020-05-01 21:22:00 - 2020-05-01 21:23:00
Tag                                                  Avg(ms)         Min         Max     Std Dev       Count

Performance Statistics   2020-05-01 21:23:00 - 2020-05-01 21:24:00
Tag                                                  Avg(ms)         Min         Max     Std Dev       Count

Performance Statistics   2020-05-01 21:24:00 - 2020-05-01 21:25:00
Tag                                                  Avg(ms)         Min         Max     Std Dev       Count

Performance Statistics   2020-05-01 21:25:00 - 2020-05-01 21:26:00
Tag                                                  Avg(ms)         Min         Max     Std Dev       Count

Performance Statistics   2020-05-01 21:26:00 - 2020-05-01 21:27:00
Tag                                                  Avg(ms)         Min         Max     Std Dev       Count

Performance Statistics   2020-05-01 21:27:00 - 2020-05-01 21:28:00
Tag                                                  Avg(ms)         Min         Max     Std Dev       Count

Performance Statistics   2020-05-01 21:28:00 - 2020-05-01 21:29:00
Tag                                                  Avg(ms)         Min         Max     Std Dev       Count

Performance Statistics   2020-05-01 21:29:00 - 2020-05-01 21:30:00
Tag                                                  Avg(ms)         Min         Max     Std Dev       Count

Performance Statistics   2020-05-01 21:35:00 - 2020-05-01 21:36:00
Tag                                                  Avg(ms)         Min         Max     Std Dev       Count
LoadClass                                                0.9           0           2         0.6          18
Messages.searchClasspath                                 0.1           0          16         0.8         583
Messages.searchFiles                                     0.0           0          21         0.9         583
Metadata.replaceExtendedMetaClasses                      3.5           3           4         0.5           2
ViewRepository.init.ViewRepositoryClientImpl            31.0          31          31         0.0           1
ViewRepository.init.ViewRepositoryImpl                  33.0          33          33         0.0           1
WebJARs                                                 46.0          46          46         0.0           1

Performance Statistics   2020-05-01 21:36:00 - 2020-05-01 21:37:00
Tag                                                  Avg(ms)         Min         Max     Std Dev       Count

Performance Statistics   2020-05-01 21:37:00 - 2020-05-01 21:38:00
Tag                                                  Avg(ms)         Min         Max     Std Dev       Count

Performance Statistics   2020-05-01 21:38:00 - 2020-05-01 21:39:00
Tag                                                  Avg(ms)         Min         Max     Std Dev       Count

Performance Statistics   2020-05-01 21:39:00 - 2020-05-01 21:40:00
Tag                                                  Avg(ms)         Min         Max     Std Dev       Count

Performance Statistics   2020-05-01 21:40:00 - 2020-05-01 21:41:00
Tag                                                  Avg(ms)         Min         Max     Std Dev       Count

Performance Statistics   2020-05-01 21:41:00 - 2020-05-01 21:42:00
Tag                                                  Avg(ms)         Min         Max     Std Dev       Count

Performance Statistics   2020-05-01 21:42:00 - 2020-05-01 21:43:00
Tag                                                  Avg(ms)         Min         Max     Std Dev       Count

Performance Statistics   2020-05-01 21:43:00 - 2020-05-01 21:44:00
Tag                                                  Avg(ms)         Min         Max     Std Dev       Count

Performance Statistics   2020-05-01 21:44:00 - 2020-05-01 21:45:00
Tag                                                  Avg(ms)         Min         Max     Std Dev       Count

Performance Statistics   2020-05-01 21:45:00 - 2020-05-01 21:46:00
Tag                                                  Avg(ms)         Min         Max     Std Dev       Count

Performance Statistics   2020-05-01 21:46:00 - 2020-05-01 21:47:00
Tag                                                  Avg(ms)         Min         Max     Std Dev       Count

Performance Statistics   2020-05-01 21:47:00 - 2020-05-01 21:48:00
Tag                                                  Avg(ms)         Min         Max     Std Dev       Count

Performance Statistics   2020-05-01 21:48:00 - 2020-05-01 21:49:00
Tag                                                  Avg(ms)         Min         Max     Std Dev       Count

Performance Statistics   2020-05-01 21:49:00 - 2020-05-01 21:50:00
Tag                                                  Avg(ms)         Min         Max     Std Dev       Count

Performance Statistics   2020-05-01 21:50:00 - 2020-05-01 21:51:00
Tag                                                  Avg(ms)         Min         Max     Std Dev       Count

Performance Statistics   2020-05-01 21:51:00 - 2020-05-01 21:52:00
Tag                                                  Avg(ms)         Min         Max     Std Dev       Count

Performance Statistics   2020-05-01 21:52:00 - 2020-05-01 21:53:00
Tag                                                  Avg(ms)         Min         Max     Std Dev       Count

Performance Statistics   2020-05-01 21:53:00 - 2020-05-01 21:54:00
Tag                                                  Avg(ms)         Min         Max     Std Dev       Count

Performance Statistics   2020-05-01 21:54:00 - 2020-05-01 21:55:00
Tag                                                  Avg(ms)         Min         Max     Std Dev       Count

Performance Statistics   2020-05-01 21:55:00 - 2020-05-01 21:56:00
Tag                                                  Avg(ms)         Min         Max     Std Dev       Count

Performance Statistics   2020-05-01 21:56:00 - 2020-05-01 21:57:00
Tag                                                  Avg(ms)         Min         Max     Std Dev       Count

Performance Statistics   2020-05-01 21:57:00 - 2020-05-01 21:58:00
Tag                                                  Avg(ms)         Min         Max     Std Dev       Count

Performance Statistics   2020-05-01 21:58:00 - 2020-05-01 21:59:00
Tag                                                  Avg(ms)         Min         Max     Std Dev       Count

Performance Statistics   2020-05-01 21:59:00 - 2020-05-01 22:00:00
Tag                                                  Avg(ms)         Min         Max     Std Dev       Count

Performance Statistics   2020-05-01 22:00:00 - 2020-05-01 22:01:00
Tag                                                  Avg(ms)         Min         Max     Std Dev       Count

Performance Statistics   2020-05-01 22:01:00 - 2020-05-01 22:02:00
Tag                                                  Avg(ms)         Min         Max     Std Dev       Count

Performance Statistics   2020-05-01 22:02:00 - 2020-05-01 22:03:00
Tag                                                  Avg(ms)         Min         Max     Std Dev       Count

Performance Statistics   2020-05-01 22:03:00 - 2020-05-01 22:04:00
Tag                                                  Avg(ms)         Min         Max     Std Dev       Count

Performance Statistics   2020-05-01 22:04:00 - 2020-05-01 22:05:00
Tag                                                  Avg(ms)         Min         Max     Std Dev       Count

Performance Statistics   2020-05-01 22:05:00 - 2020-05-01 22:06:00
Tag                                                  Avg(ms)         Min         Max     Std Dev       Count

Performance Statistics   2020-05-01 22:06:00 - 2020-05-01 22:07:00
Tag                                                  Avg(ms)         Min         Max     Std Dev       Count

